The target system is: Generic - 1.14.0 - arm
The host system is: Windows - 10.0.17134 - AMD64
Compiling the C compiler identification source file "CMakeCCompilerId.c" succeeded.
Compiler: C:/gnuarmemb/bin/arm-none-eabi-gcc.exe 
Build flags: 
Id flags: -c 

The output was:
0


Compilation of the C compiler identification source "CMakeCCompilerId.c" produced "CMakeCCompilerId.o"

The C compiler identification is GNU, found in "C:/Users/ricardo/zephyr-dwm1001/examples/ex_02a_simple_rx/build/CMakeFiles/3.14.1/CompilerIdC/CMakeCCompilerId.o"

Compiling the CXX compiler identification source file "CMakeCXXCompilerId.cpp" succeeded.
Compiler: C:/gnuarmemb/bin/arm-none-eabi-gcc.exe 
Build flags: 
Id flags: -c 

The output was:
0


Compilation of the CXX compiler identification source "CMakeCXXCompilerId.cpp" produced "CMakeCXXCompilerId.o"

The CXX compiler identification is GNU, found in "C:/Users/ricardo/zephyr-dwm1001/examples/ex_02a_simple_rx/build/CMakeFiles/3.14.1/CompilerIdCXX/CMakeCXXCompilerId.o"

Checking whether the ASM compiler is GNU using "--version" matched "(GNU assembler)|(GCC)|(Free Software Foundation)":
arm-none-eabi-gcc.exe (GNU Tools for Arm Embedded Processors 7-2018-q2-update) 7.3.1 20180622 (release) [ARM/embedded-7-branch revision 261907]
Copyright (C) 2017 Free Software Foundation, Inc.
This is free software; see the source for copying conditions.  There is NO
warranty; not even for MERCHANTABILITY or FITNESS FOR A PARTICULAR PURPOSE.

Performing C SOURCE FILE Test toolchain_is_ok succeeded with the following output:
Change Dir: C:/Users/ricardo/zephyr-dwm1001/examples/ex_02a_simple_rx/build/CMakeFiles/CMakeTmp

Run Build Command(s):C:/PROGRA~1/ESPRES~1/ESP-ID~1/tools/bin/ninja.exe cmTC_6271e 
[1/2] Building C object CMakeFiles/cmTC_6271e.dir/src.c.obj
[2/2] Linking C executable cmTC_6271e
c:/gnuarmemb/bin/../lib/gcc/arm-none-eabi/7.3.1/../../../../arm-none-eabi/bin/ld.exe: warning: cannot find entry symbol _start; defaulting to 00008000

Source file was:
int main(void) { return 0; }
